POST http://localhost:5001/api/v1/block/mine - 2024-06-27 09:36:12
POST http://localhost:5001/api/v1/block/mine - 2024-06-27 09:36:38
GET http://localhost:5001/api/v1/blockchain - 2024-06-27 09:36:47
POST http://localhost:5001/api/v1/wallet/transaction - 2024-06-27 09:36:56
GET http://localhost:5001/api/v1/wallet/transactions - 2024-06-27 09:37:02
GET http://localhost:5001/api/v1/wallet/mine - 2024-06-27 09:37:12
GET http://localhost:5001/api/v1/wallet/info - 2024-06-27 09:37:16
POST http://localhost:5001/api/v1/block/mine - 2024-06-27 09:51:06
GET http://localhost:5001/api/v1/blockchain - 2024-06-27 09:51:18
GET http://localhost:5001/api/v1/wallet/info - 2024-06-27 09:52:01
POST http://localhost:5001/api/v1/wallet/transaction - 2024-06-27 09:52:07
GET http://localhost:5001/api/v1/wallet/mine - 2024-06-27 09:52:13
GET http://localhost:5001/api/v1/wallet/info - 2024-06-27 09:52:16
GET http://localhost:5001/api/v1/block/2 - 2024-06-27 09:52:30
POST http://localhost:5001/api/v1/block/mine - 2024-06-27 10:06:04
POST http://localhost:5001/api/v1/block/mine - 2024-06-27 10:07:52
GET http://localhost:5001/api/v1/blockchain - 2024-06-27 10:08:02
POST http://localhost:5001/api/v1/block/mine - 2024-06-27 10:08:07
POST http://localhost:5001/api/v1/block/mine - 2024-06-27 10:08:29
POST http://localhost:5001/api/v1/block/mine - 2024-06-27 10:08:42
POST http://localhost:5001/api/v1/block/mine - 2024-06-27 10:10:12
POST http://localhost:5001/api/v1/block/mine - 2024-06-27 10:10:30
POST http://localhost:5001/api/v1/block/mine - 2024-06-27 21:23:11
GET http://localhost:5001/api/v1/blockchain - 2024-06-27 21:23:17
POST http://localhost:5001/api/v1/wallet/transaction - 2024-06-27 21:23:39
POST http://localhost:5001/api/v1/wallet/transaction - 2024-06-27 21:23:47
GET http://localhost:5001/api/v1/wallet/transactions - 2024-06-27 21:23:50
POST http://localhost:5001/api/v1/wallet/transaction - 2024-06-27 21:24:11
GET http://localhost:5001/api/v1/wallet/transactions - 2024-06-27 21:24:30
GET http://localhost:5001/api/v1/wallet/mine - 2024-06-27 21:24:46
GET http://localhost:5001/api/v1/wallet/info - 2024-06-27 21:24:51
GET http://localhost:5001/api/v1/blockchain - 2024-06-27 21:27:38
GET http://localhost:5001/api/v1/blockchain - 2024-06-27 21:27:56
POST http://localhost:5001/api/v1/wallet/transaction - 2024-06-27 21:28:04
POST http://localhost:5001/api/v1/block/mine - 2024-06-27 21:28:07
GET http://localhost:5001/api/v1/blockchain - 2024-06-27 21:28:13
GET http://localhost:5001/api/v1/wallet/transactions - 2024-06-27 21:28:17
GET http://localhost:5001/api/v1/wallet/mine - 2024-06-27 21:28:22
GET http://localhost:5001/api/v1/wallet/transactions - 2024-06-27 21:28:26
GET http://localhost:5001/api/v1/wallet/info - 2024-06-27 21:28:30
POST http://localhost:5001/api/v1/wallet/transaction - 2024-06-27 21:29:04
GET http://localhost:5001/api/v1/wallet/mine - 2024-06-27 21:29:07
GET http://localhost:5001/api/v1/wallet/info - 2024-06-27 21:29:09
GET http://localhost:5001/api/v1/blockchain - 2024-06-27 21:29:21
GET http://localhost:5001/api/v1/blockchain - 2024-06-27 21:30:14
GET http://localhost:5226/api/v1/blockchain - 2024-06-27 21:30:58
GET http://localhost:5001/api/v1/blockchain - 2024-06-27 21:31:24
GET http://localhost:5226/api/v1/blockchain - 2024-06-27 21:31:39
POST http://localhost:5001/api/v1/auth/register - 2024-06-28 22:38:12
POST http://localhost:5001/api/v1/auth/register - 2024-06-28 22:41:13
POST http://localhost:5001/api/v1/auth/login - 2024-06-28 22:43:09
POST http://localhost:5001/api/v1/auth/login - 2024-06-28 22:43:45
POST http://localhost:5001/api/v1/auth/login - 2024-06-28 22:48:36
POST http://localhost:5001/api/v1/auth/login - 2024-06-28 22:48:56
POST http://localhost:5001/api/v1/auth/login - 2024-06-28 22:49:25
POST http://localhost:5001/api/v1/auth/login - 2024-06-28 22:52:10
GET http://localhost:5001/api/v1/auth/me - 2024-06-28 22:52:33
GET http://localhost:5001/api/v1/auth/me - 2024-06-28 22:53:18
GET http://localhost:5001/api/v1/auth/me - 2024-06-28 22:53:55
GET http://localhost:5001/api/v1/blockchain - 2024-06-29 12:02:16
POST http://localhost:5001/api/v1/auth/register - 2024-06-29 12:03:00
POST http://localhost:5001/api/v1/auth/login - 2024-06-29 12:03:36
GET http://localhost:5001/api/v1/auth/me - 2024-06-29 12:03:45
GET http://localhost:5001/api/v1/auth/me - 2024-06-29 12:03:50
GET http://localhost:5001/api/v1/blockchain - 2024-06-29 12:03:58
POST http://localhost:5001/api/v1/auth/register - 2024-06-29 12:04:34
POST http://localhost:5001/api/v1/auth/register - 2024-06-29 12:04:53
POST http://localhost:5001/api/v1/auth/login - 2024-06-29 12:05:15
GET http://localhost:5001/api/v1/auth/me - 2024-06-29 12:05:37
GET http://localhost:5001/api/v1/blockchain - 2024-06-29 12:05:47
GET http://localhost:5001/api/v1/wallet/transactions - 2024-06-29 12:05:56
POST http://localhost:5001/api/v1/wallet/transactions - 2024-06-29 12:06:10
GET http://localhost:5001/api/v1/wallet/mine - 2024-06-29 12:06:30
GET http://localhost:5001/api/v1/wallet/mine - 2024-06-29 12:06:38
POST http://localhost:5001/api/v1/wallet/transaction - 2024-06-29 12:06:57
POST http://localhost:5001/api/v1/wallet/transaction - 2024-06-29 12:07:10
POST http://localhost:5001/api/v1/auth/login - 2024-06-29 16:56:38
GET http://localhost:5001/api/v1/blockchain - 2024-06-29 16:56:52
POST http://localhost:5001/api/v1/block/mine - 2024-06-29 16:56:56
POST http://localhost:5001/api/v1/block/mine - 2024-06-29 16:57:03
GET http://localhost:5001/api/v1/block/2 - 2024-06-29 16:57:12
GET http://localhost:5001/api/v1/block/1 - 2024-06-29 16:57:19
POST http://localhost:5001/api/v1/wallet/transaction - 2024-06-29 16:57:26
POST http://localhost:5001/api/v1/wallet/transaction - 2024-06-29 16:57:34
POST http://localhost:5001/api/v1/wallet/transaction - 2024-06-29 16:59:40
GET http://localhost:5001/api/v1/wallet/transactions - 2024-06-29 16:59:46
GET http://localhost:5001/api/v1/wallet/mine - 2024-06-29 17:00:22
GET http://localhost:5001/api/v1/wallet/info - 2024-06-29 17:00:33
GET http://localhost:5001/api/v1/wallet/info - 2024-06-29 17:00:51
POST http://localhost:5001/api/v1/auth/login - 2024-06-29 17:16:05
POST http://localhost:5001/api/v1/auth/login - 2024-06-29 17:16:11
GET http://localhost:5001/api/v1/auth/me - 2024-06-29 17:16:24
GET http://localhost:5001/api/v1/wallet/mine - 2024-06-29 17:16:47
GET http://localhost:5001/api/v1/auth/me - 2024-06-29 17:16:57
POST http://localhost:5001/api/v1/auth/login - 2024-06-29 17:17:03
POST http://localhost:5001/api/v1/auth/login - 2024-06-29 17:17:58
GET http://localhost:5001/api/v1/auth/me - 2024-06-29 17:18:09
GET http://localhost:5001/api/v1/auth/me - 2024-06-29 17:18:17
POST http://localhost:5001/api/v1/wallet/transaction - 2024-06-29 17:18:26
GET http://localhost:5001/api/v1/wallet/info - 2024-06-29 17:18:32
GET http://localhost:5001/api/v1/wallet/info - 2024-06-29 17:18:42
POST http://localhost:5001/api/v1/auth/login - 2024-06-29 17:20:58
GET http://localhost:5001/api/v1/auth/me - 2024-06-29 17:21:06
GET http://localhost:5001/api/v1/blockchain - 2024-06-29 17:21:13
POST http://localhost:5001/api/v1/wallet/transaction - 2024-06-29 17:21:19
GET http://localhost:5001/api/v1/wallet/transactions - 2024-06-29 17:21:25
POST http://localhost:5001/api/v1/wallet/transaction - 2024-06-29 17:21:34
GET http://localhost:5001/api/v1/wallet/mine - 2024-06-29 17:21:41
GET http://localhost:5001/api/v1/wallet/info - 2024-06-29 17:21:45
GET http://localhost:5001/api/v1/wallet/info - 2024-06-29 17:21:53
POST http://localhost:5001/api/v1/auth/login - 2024-06-29 17:28:10
GET http://localhost:5001/api/v1/auth/me - 2024-06-29 17:28:18
GET http://localhost:5001/api/v1/blockchain - 2024-06-29 17:28:27
POST http://localhost:5001/api/v1/block/mine - 2024-06-29 17:28:32
GET http://localhost:5001/api/v1/wallet/transactions - 2024-06-29 17:28:38
POST http://localhost:5001/api/v1/wallet/transaction - 2024-06-29 17:28:44
GET http://localhost:5001/api/v1/wallet/mine - 2024-06-29 17:28:48
GET http://localhost:5001/api/v1/wallet/info - 2024-06-29 17:28:52
POST http://localhost:5001/api/v1/block/mine - 2024-06-29 17:28:59
POST http://localhost:5001/api/v1/block/mine - 2024-06-29 17:30:21
POST http://localhost:5001/api/v1/auth/login - 2024-06-29 17:30:53
GET http://localhost:5001/api/v1/auth/me - 2024-06-29 17:31:00
GET http://localhost:5001/api/v1/blockchain - 2024-06-29 17:31:05
POST http://localhost:5001/api/v1/wallet/transaction - 2024-06-29 17:31:09
GET http://localhost:5001/api/v1/wallet/transactions - 2024-06-29 17:31:16
GET http://localhost:5001/api/v1/wallet/mine - 2024-06-29 17:31:22
GET http://localhost:5001/api/v1/wallet/info - 2024-06-29 17:31:26
POST http://localhost:5001/api/v1/block/mine - 2024-06-29 17:31:32
POST http://localhost:5001/api/v1/block/mine - 2024-06-29 17:33:11
GET http://localhost:5001/api/v1/blockchain - 2024-06-29 17:33:17
POST http://localhost:5001/api/v1/auth/login - 2024-06-29 17:37:17
POST http://localhost:5001/api/v1/wallet/transaction - 2024-06-29 17:37:39
GET http://localhost:5001/api/v1/wallet/mine - 2024-06-29 17:37:49
GET http://localhost:5001/api/v1/wallet/info - 2024-06-29 17:37:53
POST http://localhost:5001/api/v1/block/mine - 2024-06-29 17:38:36
GET http://localhost:5001/api/v1/blockchain - 2024-06-29 17:38:43
POST http://localhost:5001/api/v1/auth/login - 2024-06-29 17:43:08
GET http://localhost:5001/api/v1/blockchain - 2024-06-29 17:43:14
GET http://localhost:5001/api/v1/wallet/transactions - 2024-06-29 17:43:21
GET http://localhost:5001/api/v1/wallet/mine - 2024-06-29 17:43:23
GET http://localhost:5001/api/v1/blockchain - 2024-06-29 17:43:27
POST http://localhost:5001/api/v1/auth/login - 2024-06-29 17:44:20
GET http://localhost:5001/api/v1/blockchain - 2024-06-29 17:44:32
GET http://localhost:5001/api/v1/blockchain - 2024-07-07 21:36:35
POST http://localhost:5001/api/v1/wallet/transaction - 2024-07-07 21:36:59
GET http://localhost:5001/api/v1/wallet/transactions - 2024-07-07 21:37:06
GET http://localhost:5001/api/v1/wallet/mine - 2024-07-07 21:37:09
GET http://localhost:5001/api/v1/wallet/info - 2024-07-07 21:37:13
GET http://localhost:5001/api/transactions - 2024-07-07 23:02:10
GET http://localhost:5001/api/transactions - 2024-07-07 23:02:10
GET http://localhost:5001/api/transactions - 2024-07-07 23:02:19
GET http://localhost:5001/api/transactions - 2024-07-07 23:02:19
GET http://localhost:5001/api/v1/wallet/transactions - 2024-07-07 23:04:57
GET http://localhost:5001/api/v1/wallet/transactions - 2024-07-07 23:05:30
GET http://localhost:5001/api/v1/wallet/transactions - 2024-07-07 23:05:30
GET http://localhost:5001/api/v1/wallet/transactions - 2024-07-07 23:05:37
GET http://localhost:5001/api/v1/wallet/transactions - 2024-07-07 23:39:06
GET http://localhost:5001/api/v1/wallet/transactions - 2024-07-07 23:39:06
POST http://localhost:5001/api/v1/auth/register - 2024-07-07 23:43:58
POST http://localhost:5001/api/v1/auth/register - 2024-07-07 23:48:14
GET http://localhost:5001/api/v1/wallet/transactions - 2024-07-07 23:48:14
GET http://localhost:5001/api/v1/wallet/transactions - 2024-07-07 23:48:15
GET http://localhost:5001/api/v1/block - 2024-07-07 23:48:15
GET http://localhost:5001/api/v1/block - 2024-07-07 23:48:15
GET http://localhost:5001/api/v1/wallet/transactions - 2024-07-07 23:49:23
GET http://localhost:5001/api/v1/wallet/transactions - 2024-07-07 23:49:23
GET http://localhost:5001/api/v1/block - 2024-07-07 23:49:23
GET http://localhost:5001/api/v1/block - 2024-07-07 23:49:23
GET http://localhost:5001/api/v1/wallet/transactions - 2024-07-07 23:49:28
GET http://localhost:5001/api/v1/block - 2024-07-07 23:49:28
GET http://localhost:5001/api/v1/wallet/transactions - 2024-07-07 23:50:37
GET http://localhost:5001/api/v1/block - 2024-07-07 23:50:38
POST http://localhost:5001/api/v1/auth/register - 2024-07-08 11:17:31
POST http://localhost:5001/api/v1/auth/register - 2024-07-08 13:24:22
POST http://localhost:5001/api/v1/auth/login - 2024-07-08 13:24:41
GET http://localhost:5001/api/v1/wallet/transactions - 2024-07-08 13:24:42
GET http://localhost:5001/api/v1/wallet/transactions - 2024-07-08 13:24:42
GET http://localhost:5001/api/v1/block - 2024-07-08 13:24:42
GET http://localhost:5001/api/v1/block - 2024-07-08 13:24:42
POST http://localhost:5001/api/v1/auth/login - 2024-07-08 13:26:07
GET http://localhost:5001/api/v1/wallet/transactions - 2024-07-08 13:26:07
GET http://localhost:5001/api/v1/wallet/transactions - 2024-07-08 13:26:07
GET http://localhost:5001/api/v1/block - 2024-07-08 13:26:07
GET http://localhost:5001/api/v1/block - 2024-07-08 13:26:08
GET http://localhost:5001/api/v1/wallet/transactions - 2024-07-08 13:26:29
GET http://localhost:5001/api/v1/wallet/transactions - 2024-07-08 13:26:29
GET http://localhost:5001/api/v1/block - 2024-07-08 13:26:29
GET http://localhost:5001/api/v1/block - 2024-07-08 13:26:29
GET http://localhost:5001/api/v1/wallet/transactions - 2024-07-08 13:34:45
GET http://localhost:5001/api/v1/wallet/transactions - 2024-07-08 13:34:45
GET http://localhost:5001/api/v1/block - 2024-07-08 13:34:45
GET http://localhost:5001/api/v1/block - 2024-07-08 13:34:45
GET http://localhost:5001/api/v1/wallet/transactions - 2024-07-08 18:20:06
GET http://localhost:5001/api/v1/wallet/transactions - 2024-07-08 18:20:07
GET http://localhost:5001/api/v1/block - 2024-07-08 18:20:07
GET http://localhost:5001/api/v1/block - 2024-07-08 18:20:08
GET http://localhost:5001/api/v1/block - 2024-07-08 18:20:20
GET http://localhost:5001/api/v1/block - 2024-07-08 18:20:20
GET http://localhost:5001/api/v1/block - 2024-07-08 18:20:23
GET http://localhost:5001/api/v1/block - 2024-07-08 18:20:23
GET http://localhost:5001/api/v1/wallet/transactions - 2024-07-08 18:20:30
GET http://localhost:5001/api/v1/wallet/transactions - 2024-07-08 18:20:30
GET http://localhost:5001/api/v1/block - 2024-07-08 18:20:30
GET http://localhost:5001/api/v1/block - 2024-07-08 18:20:31
GET http://localhost:5001/api/v1/wallet/transactions - 2024-07-08 18:20:35
GET http://localhost:5001/api/v1/wallet/transactions - 2024-07-08 18:20:35
GET http://localhost:5001/api/v1/block - 2024-07-08 18:20:35
GET http://localhost:5001/api/v1/block - 2024-07-08 18:20:35
GET http://localhost:5001/api/v1/wallet/transactions - 2024-07-08 18:21:01
GET http://localhost:5001/api/v1/wallet/transactions - 2024-07-08 18:21:01
GET http://localhost:5001/api/v1/block - 2024-07-08 18:21:01
GET http://localhost:5001/api/v1/block - 2024-07-08 18:21:01
GET http://localhost:5001/api/v1/wallet/transactions - 2024-07-08 18:22:57
GET http://localhost:5001/api/v1/blockchain - 2024-07-08 18:22:57
GET http://localhost:5001/api/v1/wallet/transactions - 2024-07-08 18:22:59
GET http://localhost:5001/api/v1/wallet/transactions - 2024-07-08 18:22:59
GET http://localhost:5001/api/v1/blockchain - 2024-07-08 18:22:59
GET http://localhost:5001/api/v1/blockchain - 2024-07-08 18:23:00
GET http://localhost:5001/api/v1/wallet/transactions - 2024-07-08 18:23:48
GET http://localhost:5001/api/v1/wallet/transactions - 2024-07-08 18:23:48
GET http://localhost:5001/api/v1/blockchain - 2024-07-08 18:23:48
GET http://localhost:5001/api/v1/blockchain - 2024-07-08 18:23:48
GET http://localhost:5001/api/v1/wallet/transactions - 2024-07-08 18:23:53
GET http://localhost:5001/api/v1/wallet/transactions - 2024-07-08 18:23:53
GET http://localhost:5001/api/v1/blockchain - 2024-07-08 18:23:53
GET http://localhost:5001/api/v1/blockchain - 2024-07-08 18:23:53
POST http://localhost:5001/api/v1/auth/login - 2024-07-08 18:24:22
POST http://localhost:5001/api/v1/auth/register - 2024-07-08 18:24:53
POST http://localhost:5001/api/v1/auth/login - 2024-07-08 18:25:13
GET http://localhost:5001/api/v1/wallet/transactions - 2024-07-08 18:25:14
GET http://localhost:5001/api/v1/wallet/transactions - 2024-07-08 18:25:14
GET http://localhost:5001/api/v1/blockchain - 2024-07-08 18:25:14
GET http://localhost:5001/api/v1/blockchain - 2024-07-08 18:25:14
POST http://localhost:5001/api/v1/auth/login - 2024-07-08 18:31:20
GET http://localhost:5001/api/v1/wallet/transactions - 2024-07-08 18:31:21
GET http://localhost:5001/api/v1/wallet/transactions - 2024-07-08 18:31:21
GET http://localhost:5001/api/v1/blockchain - 2024-07-08 18:31:21
GET http://localhost:5001/api/v1/blockchain - 2024-07-08 18:31:21
POST http://localhost:5001/api/v1/wallet/transaction - 2024-07-08 18:32:06
GET http://localhost:5001/api/v1/wallet/transactions - 2024-07-08 18:32:07
GET http://localhost:5001/api/v1/blockchain - 2024-07-08 18:32:07
POST http://localhost:5001/api/v1/block/mine - 2024-07-08 18:32:08
POST http://localhost:5001/api/v1/auth/register - 2024-07-10 15:43:08
POST http://localhost:5001/api/v1/auth/login - 2024-07-10 15:43:20
POST http://localhost:5001/api/v1/auth/login - 2024-07-10 15:43:27
POST http://localhost:5001/api/v1/auth/register - 2024-07-10 19:35:40
POST http://localhost:5001/api/v1/auth/login - 2024-07-10 19:36:36
POST http://localhost:5001/api/v1/auth/login - 2024-07-11 13:29:08
POST http://localhost:5001/api/v1/auth/login - 2024-07-11 13:29:11
POST http://localhost:5001/api/v1/auth/register - 2024-07-11 13:29:38
POST http://localhost:5001/api/v1/auth/login - 2024-07-11 13:29:50
POST http://localhost:5001/api/v1/auth/login - 2024-07-11 13:29:52
POST http://localhost:5001/api/v1/auth/login - 2024-07-11 13:29:53
POST http://localhost:5001/api/v1/auth/login - 2024-07-11 13:29:53
POST http://localhost:5001/api/v1/auth/login - 2024-07-11 13:29:55
POST http://localhost:5001/api/v1/auth/login - 2024-07-11 13:30:26
POST http://localhost:5001/api/v1/auth/register - 2024-07-11 21:45:55
POST http://localhost:5001/api/v1/auth/login - 2024-07-11 21:46:08
POST http://localhost:5001/api/v1/auth/register - 2024-07-11 23:58:28
POST http://localhost:5001/api/v1/auth/register - 2024-07-11 23:58:29
POST http://localhost:5001/api/v1/auth/register - 2024-07-12 00:02:27
POST http://localhost:5001/api/v1/auth/login - 2024-07-12 00:02:39
POST http://localhost:5001/api/v1/auth/login - 2024-07-12 00:02:39
POST http://localhost:5001/api/v1/auth/login - 2024-07-12 00:08:23
POST http://localhost:5001/api/v1/auth/login - 2024-07-12 00:08:23
POST http://localhost:5001/api/v1/auth/login - 2024-07-12 00:34:47
POST http://localhost:5001/api/v1/auth/login - 2024-07-12 00:34:47
POST http://localhost:5001/api/v1/auth/register - 2024-07-12 22:01:53
POST http://localhost:5001/api/v1/auth/register - 2024-07-12 22:02:53
POST http://localhost:5001/api/v1/auth/login - 2024-07-12 22:03:05
POST http://localhost:5001/api/v1/auth/login - 2024-07-12 22:03:06
POST http://localhost:5001/api/v1/auth/login - 2024-07-12 22:03:53
POST http://localhost:5001/api/v1/auth/login - 2024-07-12 22:03:54
POST http://localhost:5001/api/v1/auth/login - 2024-07-12 22:14:15
POST http://localhost:5001/api/v1/auth/login - 2024-07-12 22:14:15
POST http://localhost:5001/api/v1/auth/login - 2024-07-12 22:27:45
POST http://localhost:5001/api/v1/auth/login - 2024-07-12 22:27:46
POST http://localhost:5001/api/v1/auth/login - 2024-07-12 22:28:25
POST http://localhost:5001/api/v1/auth/login - 2024-07-12 22:28:26
POST http://localhost:5001/api/v1/auth/login - 2024-07-12 22:37:53
POST http://localhost:5001/api/v1/auth/login - 2024-07-12 22:38:56
POST http://localhost:5001/api/v1/auth/login - 2024-07-12 22:51:45
POST http://localhost:5001/api/v1/auth/login - 2024-07-12 22:59:00
POST http://localhost:5001/api/v1/auth/login - 2024-07-12 23:02:32
POST http://localhost:5001/api/v1/auth/login - 2024-07-12 23:04:23
POST http://localhost:5001/api/v1/auth/login - 2024-07-12 23:07:21
POST http://localhost:5001/api/v1/auth/login - 2024-07-12 23:11:25
POST http://localhost:5001/api/v1/auth/login - 2024-07-12 23:13:00
POST http://localhost:5001/api/v1/auth/login - 2024-07-12 23:14:19
POST http://localhost:5001/api/v1/auth/login - 2024-07-12 23:24:57
POST http://localhost:5001/api/v1/auth/login - 2024-07-12 23:26:28
POST http://localhost:5001/api/v1/auth/login - 2024-07-12 23:36:44
POST http://localhost:5001/api/v1/auth/login - 2024-07-12 23:51:08
POST http://localhost:5001/api/v1/auth/login - 2024-07-12 23:57:53
POST http://localhost:5001/api/v1/auth/login - 2024-07-13 00:01:12
POST http://localhost:5001/api/v1/auth/login - 2024-07-13 00:12:15
POST http://localhost:5001/api/v1/auth/register - 2024-07-13 00:12:57
POST http://localhost:5001/api/v1/auth/login - 2024-07-13 00:13:52
POST http://localhost:5001/api/v1/auth/login - 2024-07-13 00:32:13
POST http://localhost:5001/api/v1/auth/login - 2024-07-13 12:04:38
POST http://localhost:5001/api/v1/auth/login - 2024-07-13 12:07:27
POST http://localhost:5001/api/v1/auth/login - 2024-07-13 12:09:22
POST http://localhost:5001/api/v1/auth/login - 2024-07-13 12:10:49
POST http://localhost:5001/api/v1/auth/login - 2024-07-13 12:15:12
POST http://localhost:5001/api/v1/auth/login - 2024-07-13 12:15:22
POST http://localhost:5001/api/v1/auth/login - 2024-07-13 12:16:41
POST http://localhost:5001/api/v1/auth/login - 2024-07-13 12:16:51
POST http://localhost:5001/api/v1/auth/login - 2024-07-13 12:19:20
POST http://localhost:5001/api/v1/auth/login - 2024-07-13 12:22:26
POST http://localhost:5001/api/v1/auth/login - 2024-07-13 12:24:39
POST http://localhost:5001/api/v1/auth/register - 2024-07-23 18:23:34
POST http://localhost:5001/api/v1/auth/login - 2024-07-23 18:23:53
POST http://localhost:5001/api/v1/auth/login - 2024-07-23 18:25:44
POST http://localhost:5001/api/v1/auth/login - 2024-07-23 18:26:52
POST http://localhost:5001/api/v1/auth/login - 2024-07-23 18:27:08
POST http://localhost:5001/api/v1/auth/login - 2024-07-23 18:27:23
POST http://localhost:5001/api/v1/auth/login - 2024-07-23 18:41:09
POST http://localhost:5001/api/v1/auth/login - 2024-07-23 18:41:15
POST http://localhost:5001/api/v1/auth/login - 2024-07-23 18:46:35
POST http://localhost:5001/api/v1/auth/login - 2024-07-23 18:52:09
POST http://localhost:5001/api/v1/auth/login - 2024-07-23 18:56:27
POST http://localhost:5001/api/v1/auth/login - 2024-07-23 18:56:34
POST http://localhost:5001/api/v1/auth/register - 2024-07-23 18:57:24
POST http://localhost:5001/api/v1/auth/register - 2024-07-23 18:57:56
POST http://localhost:5001/api/v1/auth/login - 2024-07-23 18:59:44
POST http://localhost:5001/api/v1/auth/login - 2024-07-23 19:08:27
POST http://localhost:5001/api/v1/auth/login - 2024-07-23 19:10:55
POST http://localhost:5001/api/v1/auth/login - 2024-07-23 19:11:02
POST http://localhost:5001/api/v1/auth/login - 2024-07-23 19:11:19
POST http://localhost:5001/api/v1/auth/login - 2024-07-23 19:15:01
POST http://localhost:5001/api/v1/auth/login - 2024-07-23 19:18:44
POST http://localhost:5001/api/v1/wallet/transaction - 2024-07-23 19:18:57
POST http://localhost:5001/api/v1/auth/login - 2024-07-23 22:13:08
POST http://localhost:5001/api/v1/auth/login - 2024-07-23 22:15:46
POST http://localhost:5001/api/v1/auth/login - 2024-07-23 22:17:43
POST http://localhost:5001/api/v1/wallet/transaction - 2024-07-23 22:17:54
POST http://localhost:5001/api/v1/auth/login - 2024-07-23 22:19:34
POST http://localhost:5001/api/v1/auth/login - 2024-07-23 22:25:49
GET http://localhost:5001/api/v1/wallet/transactions - 2024-07-23 22:25:49
GET http://localhost:5001/api/v1/wallet/transactions - 2024-07-23 22:25:49
GET http://localhost:5001/api/v1/wallet/transactions - 2024-07-23 22:29:45
GET http://localhost:5001/api/v1/wallet/transactions - 2024-07-23 22:29:45
POST http://localhost:5001/api/v1/auth/login - 2024-07-23 22:30:08
GET http://localhost:5001/api/v1/wallet/transactions - 2024-07-23 22:30:08
GET http://localhost:5001/api/v1/wallet/transactions - 2024-07-23 22:30:09
GET http://localhost:5001/api/v1/wallet/transactions - 2024-07-23 22:30:09
GET http://localhost:5001/api/v1/wallet/transactions - 2024-07-23 22:30:09
POST http://localhost:5001/api/v1/auth/login - 2024-07-23 22:33:06
GET http://localhost:5001/api/v1/wallet/transactions - 2024-07-23 22:33:07
GET http://localhost:5001/api/v1/wallet/transactions - 2024-07-23 22:33:07
POST http://localhost:5001/api/v1/auth/login - 2024-07-23 22:36:09
GET http://localhost:5001/api/v1/wallet/transactions - 2024-07-23 22:36:10
GET http://localhost:5001/api/v1/wallet/transactions - 2024-07-23 22:36:10
POST http://localhost:5001/api/v1/wallet/transaction - 2024-07-23 22:36:26
POST http://localhost:5001/api/v1/auth/login - 2024-07-29 21:35:06
GET http://localhost:5001/api/v1/wallet/transactions - 2024-07-29 21:35:07
GET http://localhost:5001/api/v1/wallet/transactions - 2024-07-29 21:35:07
POST http://localhost:5001/api/v1/wallet/transaction - 2024-07-29 21:35:23
POST http://localhost:5001/api/v1/auth/login - 2024-07-29 21:38:02
GET http://localhost:5001/api/v1/wallet/transactions - 2024-07-29 21:38:02
GET http://localhost:5001/api/v1/wallet/transactions - 2024-07-29 21:38:02
POST http://localhost:5001/api/v1/auth/login - 2024-07-29 21:49:07
GET http://localhost:5001/api/v1/wallet/transactions - 2024-07-29 21:49:07
GET http://localhost:5001/api/v1/wallet/transactions - 2024-07-29 21:49:07
GET http://localhost:5001/api/v1/wallet/transactions - 2024-07-29 21:49:13
GET http://localhost:5001/api/v1/wallet/transactions - 2024-07-29 21:49:13
POST http://localhost:5001/api/v1/auth/login - 2024-07-29 21:49:24
GET http://localhost:5001/api/v1/wallet/transactions - 2024-07-29 21:49:25
GET http://localhost:5001/api/v1/wallet/transactions - 2024-07-29 21:49:25
POST http://localhost:5001/api/v1/wallet/transaction - 2024-07-29 21:49:49
GET http://localhost:5001/api/v1/wallet/transactions - 2024-07-29 21:50:43
POST http://localhost:5001/api/v1/auth/login - 2024-07-29 21:51:09
GET http://localhost:5001/api/v1/wallet/transactions - 2024-07-29 21:51:10
GET http://localhost:5001/api/v1/wallet/transactions - 2024-07-29 21:51:10
POST http://localhost:5001/api/v1/auth/login - 2024-07-29 21:52:23
POST http://localhost:5001/api/v1/auth/login - 2024-07-30 14:43:28
POST http://localhost:5001/api/v1/auth/login - 2024-07-30 14:45:28
POST http://localhost:5001/api/v1/auth/login - 2024-07-30 14:52:18
POST http://localhost:5001/api/v1/auth/login - 2024-07-30 14:53:54
GET http://localhost:5001/api/v1/wallet/transactions - 2024-07-30 14:54:08
GET http://localhost:5001/api/v1/block/1 - 2024-07-30 14:54:18
POST http://localhost:5001/api/v1/auth/login - 2024-07-30 14:54:23
POST http://localhost:5001/api/v1/auth/login - 2024-07-30 14:54:38
POST http://localhost:5001/api/v1/auth/login - 2024-07-30 14:55:01
POST http://localhost:5001/api/v1/auth/login - 2024-07-30 15:10:14
GET http://localhost:5001/api/v1/wallet/transactions - 2024-07-30 15:10:15
GET http://localhost:5001/api/v1/wallet/transactions - 2024-07-30 15:10:15
POST http://localhost:5001/api/v1/auth/login - 2024-07-30 15:11:51
GET http://localhost:5001/api/v1/wallet/transactions - 2024-07-30 15:11:53
GET http://localhost:5001/api/v1/wallet/transactions - 2024-07-30 15:12:07
GET http://localhost:5001/api/v1/wallet/transactions - 2024-07-30 15:13:40
POST http://localhost:5001/api/v1/auth/login - 2024-07-30 15:14:36
POST http://localhost:5001/api/v1/auth/login - 2024-07-30 15:14:40
GET http://localhost:5001/api/v1/wallet/transactions - 2024-07-30 15:14:40
GET http://localhost:5001/api/v1/wallet/transactions - 2024-07-30 15:14:40
POST http://localhost:5001/api/v1/auth/login - 2024-07-30 15:17:32
POST http://localhost:5001/api/v1/auth/login - 2024-07-30 15:17:38
GET http://localhost:5001/api/v1/wallet/transactions - 2024-07-30 15:17:38
GET http://localhost:5001/api/v1/wallet/transactions - 2024-07-30 15:17:41
POST http://localhost:5001/api/v1/auth/login - 2024-07-31 15:43:44
POST http://localhost:5001/api/v1/auth/login - 2024-07-31 15:43:49
POST http://localhost:5001/api/v1/auth/login - 2024-07-31 15:46:55
GET http://localhost:5001/api/v1/wallet/transactions - 2024-07-31 15:46:56
GET http://localhost:5001/api/v1/wallet/transactions - 2024-07-31 15:46:57
GET http://localhost:5001/api/v1/wallet/transactions - 2024-07-31 15:47:13
GET http://localhost:5001/api/v1/wallet/transactions - 2024-07-31 15:47:14
POST http://localhost:5001/api/v1/wallet/transaction - 2024-07-31 15:47:29
POST http://localhost:5001/api/v1/auth/login - 2024-07-31 15:47:49
POST http://localhost:5001/api/v1/auth/login - 2024-07-31 15:47:59
GET http://localhost:5001/api/v1/wallet/transactions - 2024-07-31 15:48:00
GET http://localhost:5001/api/v1/wallet/transactions - 2024-07-31 15:48:04
POST http://localhost:5001/api/v1/auth/login - 2024-07-31 15:48:20
POST http://localhost:5001/api/v1/auth/login - 2024-07-31 15:48:49
GET http://localhost:5001/api/v1/wallet/transactions - 2024-07-31 15:48:50
GET http://localhost:5001/api/v1/wallet/transactions - 2024-07-31 15:48:50
POST http://localhost:5001/api/v1/auth/login - 2024-07-31 15:55:08
POST http://localhost:5001/api/v1/auth/login - 2024-07-31 15:55:10
GET http://localhost:5001/api/v1/wallet/transactions - 2024-07-31 15:55:10
GET http://localhost:5001/api/v1/wallet/transactions - 2024-07-31 15:55:13
GET http://localhost:5001/api/v1/wallet/transactions - 2024-07-31 15:55:14
POST http://localhost:5001/api/v1/auth/login - 2024-07-31 15:59:07
GET http://localhost:5001/api/v1/wallet/transactions - 2024-07-31 15:59:07
GET http://localhost:5001/api/v1/wallet/transactions - 2024-07-31 15:59:07
POST http://localhost:5001/api/v1/auth/login - 2024-07-31 16:02:50
POST http://localhost:5001/api/v1/auth/login - 2024-07-31 16:04:25
POST http://localhost:5001/api/v1/auth/login - 2024-07-31 16:04:55
GET http://localhost:5001/api/v1/wallet/transactions - 2024-07-31 16:04:55
GET http://localhost:5001/api/v1/wallet/transactions - 2024-07-31 16:04:56
GET http://localhost:5001/api/v1/wallet/transactions - 2024-07-31 16:05:37
GET http://localhost:5001/api/v1/wallet/transactions - 2024-07-31 16:05:50
GET http://localhost:5001/api/v1/wallet/transactions - 2024-07-31 16:06:28
GET http://localhost:5001/api/v1/wallet/transactions - 2024-07-31 16:07:31
POST http://localhost:5001/api/v1/auth/login - 2024-07-31 16:10:10
POST http://localhost:5001/api/v1/auth/login - 2024-07-31 16:10:16
GET http://localhost:5001/api/v1/wallet/transactions - 2024-07-31 16:10:17
GET http://localhost:5001/api/v1/wallet/transactions - 2024-07-31 16:10:17
POST http://localhost:5001/api/v1/auth/login - 2024-07-31 16:14:42
POST http://localhost:5001/api/v1/auth/login - 2024-07-31 16:14:44
GET http://localhost:5001/api/v1/wallet/transactions - 2024-07-31 16:14:45
GET http://localhost:5001/api/v1/wallet/transactions - 2024-07-31 16:14:55
POST http://localhost:5001/api/v1/auth/login - 2024-07-31 16:20:24
GET http://localhost:5001/api/v1/wallet/transactions - 2024-07-31 16:20:27
GET http://localhost:5001/api/v1/wallet/transactions - 2024-07-31 16:20:29
POST http://localhost:5001/api/v1/auth/login - 2024-07-31 16:23:41
GET http://localhost:5001/api/v1/wallet/transactions - 2024-07-31 16:23:42
GET http://localhost:5001/api/v1/wallet/transactions - 2024-07-31 16:23:42
POST http://localhost:5001/api/v1/auth/login - 2024-07-31 16:25:21
GET http://localhost:5001/api/v1/wallet/transactions - 2024-07-31 16:25:22
GET http://localhost:5001/api/v1/wallet/transactions - 2024-07-31 16:25:22
POST http://localhost:5001/api/v1/auth/login - 2024-07-31 16:25:39
POST http://localhost:5001/api/v1/auth/login - 2024-08-02 13:34:57
POST http://localhost:5001/api/v1/auth/login - 2024-08-02 13:36:50
POST http://localhost:5001/api/v1/auth/login - 2024-08-02 13:37:05
GET http://localhost:5001/api/v1/wallet/transactions - 2024-08-02 13:37:05
GET http://localhost:5001/api/v1/wallet/transactions - 2024-08-02 13:37:05
POST http://localhost:5001/api/v1/wallet/transaction - 2024-08-02 13:37:20
POST http://localhost:5001/api/v1/wallet/transaction - 2024-08-02 13:37:47
POST http://localhost:5001/api/v1/auth/login - 2024-08-02 13:37:59
GET http://localhost:5001/api/v1/wallet/transactions - 2024-08-02 13:38:00
GET http://localhost:5001/api/v1/wallet/transactions - 2024-08-02 13:38:00
GET http://localhost:5001/api/v1/wallet/transactions - 2024-08-02 13:38:27
GET http://localhost:5001/api/v1/wallet/transactions - 2024-08-02 13:38:27
POST http://localhost:5001/api/v1/auth/login - 2024-08-02 13:39:14
POST http://localhost:5001/api/v1/auth/login - 2024-08-02 13:52:18
POST http://localhost:5001/api/v1/auth/login - 2024-08-02 14:00:56
GET http://localhost:5001/api/v1/blockchain - 2024-08-02 14:00:57
GET http://localhost:5001/api/v1/blockchain - 2024-08-02 14:00:57
POST http://localhost:5001/api/v1/block/mine - 2024-08-02 14:00:58
GET http://localhost:5001/api/v1/blockchain - 2024-08-02 14:00:58
POST http://localhost:5001/api/v1/block/mine - 2024-08-02 14:01:01
GET http://localhost:5001/api/v1/blockchain - 2024-08-02 14:01:02
POST http://localhost:5001/api/v1/auth/login - 2024-08-02 14:01:14
GET http://localhost:5001/api/v1/wallet/transactions - 2024-08-02 14:01:14
GET http://localhost:5001/api/v1/wallet/transactions - 2024-08-02 14:01:15
POST http://localhost:5001/api/v1/wallet/transaction - 2024-08-02 14:01:32
POST http://localhost:5001/api/v1/auth/login - 2024-08-02 14:01:43
GET http://localhost:5001/api/v1/blockchain - 2024-08-02 14:01:43
GET http://localhost:5001/api/v1/blockchain - 2024-08-02 14:01:43
POST http://localhost:5001/api/v1/block/mine - 2024-08-02 14:01:46
GET http://localhost:5001/api/v1/blockchain - 2024-08-02 14:01:47
GET http://localhost:5001/api/v1/blockchain - 2024-08-02 14:03:34
POST http://localhost:5001/api/v1/block/mine - 2024-08-02 14:03:37
POST http://localhost:5001/api/v1/block/mine - 2024-08-02 14:03:41
POST http://localhost:5001/api/v1/auth/login - 2024-08-02 14:03:51
GET http://localhost:5001/api/v1/blockchain - 2024-08-02 14:03:51
GET http://localhost:5001/api/v1/blockchain - 2024-08-02 14:03:51
POST http://localhost:5001/api/v1/block/mine - 2024-08-02 14:03:55
GET http://localhost:5001/api/v1/blockchain - 2024-08-02 14:04:17
GET http://localhost:5001/api/v1/blockchain - 2024-08-02 14:04:23
GET http://localhost:5001/api/v1/blockchain - 2024-08-02 14:04:34
GET http://localhost:5001/api/v1/blockchain - 2024-08-02 14:04:40
GET http://localhost:5001/api/v1/blockchain - 2024-08-02 14:05:52
GET http://localhost:5001/api/v1/blockchain - 2024-08-02 14:06:07
POST http://localhost:5001/api/v1/auth/login - 2024-08-02 14:06:28
GET http://localhost:5001/api/v1/wallet/transactions - 2024-08-02 14:06:29
GET http://localhost:5001/api/v1/wallet/transactions - 2024-08-02 14:06:29
POST http://localhost:5001/api/v1/auth/login - 2024-08-02 14:06:43
GET http://localhost:5001/api/v1/blockchain - 2024-08-02 14:06:44
GET http://localhost:5001/api/v1/blockchain - 2024-08-02 14:06:44
POST http://localhost:5001/api/v1/block/mine - 2024-08-02 14:06:51
GET http://localhost:5001/api/v1/blockchain - 2024-08-02 14:10:54
GET http://localhost:5001/api/v1/blockchain - 2024-08-02 14:10:54
POST http://localhost:5001/api/v1/auth/login - 2024-08-02 14:11:23
GET http://localhost:5001/api/v1/blockchain - 2024-08-02 14:11:23
GET http://localhost:5001/api/v1/blockchain - 2024-08-02 14:11:24
POST http://localhost:5001/api/v1/block/mine - 2024-08-02 14:11:26
POST http://localhost:5001/api/v1/auth/login - 2024-08-02 14:34:53
GET http://localhost:5001/api/v1/blockchain - 2024-08-02 14:34:54
GET http://localhost:5001/api/v1/blockchain - 2024-08-02 14:34:54
POST http://localhost:5001/api/v1/block/mine - 2024-08-02 14:34:55
POST http://localhost:5001/api/v1/block/mine - 2024-08-02 14:35:31
POST http://localhost:5001/api/v1/auth/login - 2024-08-02 14:36:43
POST http://localhost:5001/api/v1/block/mine - 2024-08-02 14:37:59
GET http://localhost:5001/api/v1/blockchain - 2024-08-02 14:38:08
GET http://localhost:5001/api/v1/blockchain - 2024-08-02 14:38:17
POST http://localhost:5001/api/v1/block/mine - 2024-08-02 14:38:33
GET http://localhost:5001/api/v1/wallet/mine - 2024-08-02 14:38:45
GET http://localhost:5001/api/v1/wallet/mine - 2024-08-02 14:38:51
POST http://localhost:5001/api/v1/auth/login - 2024-08-02 14:41:14
GET http://localhost:5001/api/v1/blockchain - 2024-08-02 14:41:14
GET http://localhost:5001/api/v1/blockchain - 2024-08-02 14:41:15
POST http://localhost:5001/api/v1/block/mine - 2024-08-02 14:41:22
GET http://localhost:5001/api/v1/block/1 - 2024-08-02 14:41:54
GET http://localhost:5001/api/v1/block/1 - 2024-08-02 14:42:00
GET http://localhost:5001/api/v1/blockchain - 2024-08-02 14:42:06
POST http://localhost:5001/api/v1/wallet/transaction - 2024-08-02 14:42:12
POST http://localhost:5001/api/v1/wallet/transaction - 2024-08-02 14:42:20
GET http://localhost:5001/api/v1/wallet/transactions - 2024-08-02 14:42:33
GET http://localhost:5001/api/v1/wallet/mine - 2024-08-02 14:42:41
POST http://localhost:5001/api/v1/auth/login - 2024-08-02 14:50:21
GET http://localhost:5001/api/v1/blockchain - 2024-08-02 14:50:22
GET http://localhost:5001/api/v1/blockchain - 2024-08-02 14:50:22
POST http://localhost:5001/api/v1/block/mine - 2024-08-02 14:50:26
GET http://localhost:5001/api/v1/blockchain - 2024-08-02 14:50:27
POST http://localhost:5001/api/v1/block/mine - 2024-08-02 14:50:32
GET http://localhost:5001/api/v1/blockchain - 2024-08-02 14:50:32
GET http://localhost:5001/api/v1/blockchain - 2024-08-02 14:52:17
GET http://localhost:5001/api/v1/blockchain - 2024-08-02 14:52:33
GET http://localhost:5001/api/v1/blockchain - 2024-08-02 14:52:47
GET http://localhost:5001/api/v1/blockchain - 2024-08-02 14:53:27
POST http://localhost:5001/api/v1/auth/login - 2024-08-02 14:53:38
GET http://localhost:5001/api/v1/blockchain - 2024-08-02 14:53:39
GET http://localhost:5001/api/v1/blockchain - 2024-08-02 14:53:39
POST http://localhost:5001/api/v1/block/mine - 2024-08-02 14:53:48
GET http://localhost:5001/api/v1/blockchain - 2024-08-02 14:53:48
GET http://localhost:5001/api/v1/blockchain - 2024-08-02 14:55:03
POST http://localhost:5001/api/v1/block/mine - 2024-08-02 14:55:28
