2024-06-27 09:36:12,
    Method: POST,
    URL: /api/v1/block/mine,
    Status: 500,
    Success: false,
    Message: Invalid count value: -1
2024-06-27 09:52:01,
    Method: GET,
    URL: /api/v1/wallet/info,
    Status: 500,
    Success: false,
    Message: block.data is not iterable
2024-06-27 10:06:04,
    Method: POST,
    URL: /api/v1/block/mine,
    Status: 500,
    Success: false,
    Message: Cannot read properties of undefined (reading 'color')
2024-06-27 10:07:52,
    Method: POST,
    URL: /api/v1/block/mine,
    Status: 500,
    Success: false,
    Message: Cannot destructure property 'data' of 'undefined' as it is undefined.
2024-06-27 10:08:07,
    Method: POST,
    URL: /api/v1/block/mine,
    Status: 500,
    Success: false,
    Message: Cannot destructure property 'data' of 'undefined' as it is undefined.
2024-06-27 10:08:29,
    Method: POST,
    URL: /api/v1/block/mine,
    Status: 500,
    Success: false,
    Message: Cannot read properties of undefined (reading 'red')
2024-06-28 22:38:12,
    Method: POST,
    URL: /api/v1/auth/register,
    Status: 500,
    Success: false,
    Message: "expiresIn" should be a number of seconds or string representing a timespan
2024-06-28 22:41:13,
    Method: POST,
    URL: /api/v1/auth/register,
    Status: 400,
    Success: false,
    Message: Resursen finns redan
2024-06-28 22:43:09,
    Method: POST,
    URL: /api/v1/auth/login,
    Status: 401,
    Success: false,
    Message: Login failed
2024-06-28 22:43:25,
    Method: POST,
    URL: /api/v1/auth/login,
    Status: 400,
    Success: false,
    Message: Unexpected token '"', " "email": ""... is not valid JSON
2024-06-28 22:43:45,
    Method: POST,
    URL: /api/v1/auth/login,
    Status: 500,
    Success: false,
    Message: "expiresIn" should be a number of seconds or string representing a timespan
2024-06-28 22:48:37,
    Method: POST,
    URL: /api/v1/auth/login,
    Status: 500,
    Success: false,
    Message: "expiresIn" should be a number of seconds or string representing a timespan
2024-06-28 22:48:56,
    Method: POST,
    URL: /api/v1/auth/login,
    Status: 500,
    Success: false,
    Message: "expiresIn" should be a number of seconds or string representing a timespan
2024-06-28 22:49:25,
    Method: POST,
    URL: /api/v1/auth/login,
    Status: 500,
    Success: false,
    Message: "expiresIn" should be a number of seconds or string representing a timespan
2024-06-28 22:52:33,
    Method: GET,
    URL: /api/v1/auth/me,
    Status: 500,
    Success: false,
    Message: Cannot populate path `course` because it is not in your schema. Set the `strictPopulate` option to false to override.
2024-06-29 12:02:16,
    Method: GET,
    URL: /api/v1/blockchain,
    Status: 401,
    Success: false,
    Message: Unauthorized
2024-06-29 12:03:45,
    Method: GET,
    URL: /api/v1/auth/me,
    Status: 401,
    Success: false,
    Message: Unauthorized
2024-06-29 12:03:58,
    Method: GET,
    URL: /api/v1/blockchain,
    Status: 401,
    Success: false,
    Message: Unauthorized
2024-06-29 12:06:10,
    Method: POST,
    URL: /api/v1/wallet/transactions,
    Status: 404,
    Success: false,
    Message: Can't find /api/v1/wallet/transactions on this server!
2024-06-29 12:06:30,
    Method: GET,
    URL: /api/v1/wallet/mine,
    Status: 401,
    Success: false,
    Message: Unauthorized
2024-06-29 12:06:57,
    Method: POST,
    URL: /api/v1/wallet/transaction,
    Status: 500,
    Success: false,
    Message: timestamp is not defined
2024-06-29 12:07:10,
    Method: POST,
    URL: /api/v1/wallet/transaction,
    Status: 500,
    Success: false,
    Message: timestamp is not defined
2024-06-29 16:56:56,
    Method: POST,
    URL: /api/v1/block/mine,
    Status: 401,
    Success: false,
    Message: Unauthorized
2024-06-29 16:57:12,
    Method: GET,
    URL: /api/v1/block/2,
    Status: 404,
    Success: false,
    Message: Block not found
2024-06-29 16:57:26,
    Method: POST,
    URL: /api/v1/wallet/transaction,
    Status: 400,
    Success: false,
    Message: Information saknas: Cast to string failed for value "Signature {
  r: BN {
    negative: 0,
    words: [
      38442416, 45554423,
      39761233,  6108352,
      42284789, 33641160,
      39717634, 45955624,
      27667362,    73013
    ],
    length: 10,
    red: null
  },
  s: BN {
    negative: 0,
    words: [
      27219498, 13230204, 53620856,  1735072,
      58370236, 62076407,  3666513, 42364845,
      49969665,   320016,        0,        0,
             0,        0,        0,        0,
             0,        0,        0,        0,
             0,        0,        0,        0,
             0,        0,        0,        0,
             0,        0
    ],
    length: 10,
    red: null
  },
  recoveryParam: 1
}" (type Signature) at path "signature"
2024-06-29 16:57:35,
    Method: POST,
    URL: /api/v1/wallet/transaction,
    Status: 400,
    Success: false,
    Message: Information saknas: Cast to string failed for value "Signature {
  r: BN {
    negative: 0,
    words: [
      38486747, 46851875,
      17324044,  2985634,
      66697619,  4896029,
      57640943, 57364634,
      22290160,   803968
    ],
    length: 10,
    red: null
  },
  s: BN {
    negative: 0,
    words: [
      24737480, 56111904,  3274805, 55332220,
      38935489, 24703172, 24371095, 17251042,
      14841491,  2771722,        0,        0,
             0,        0,        0,        0,
             0,        0,        0,        0,
             0,        0,        0,        0,
             0,        0,        0,        0,
             0,        0
    ],
    length: 10,
    red: null
  },
  recoveryParam: 1
}" (type Signature) at path "signature"
2024-06-29 17:16:06,
    Method: POST,
    URL: /api/v1/auth/login,
    Status: 401,
    Success: false,
    Message: Login failed
2024-06-29 17:28:32,
    Method: POST,
    URL: /api/v1/block/mine,
    Status: 500,
    Success: false,
    Message: Error saving block
2024-06-29 17:28:52,
    Method: GET,
    URL: /api/v1/wallet/info,
    Status: 500,
    Success: false,
    Message: block.data is not iterable
2024-06-29 17:28:59,
    Method: POST,
    URL: /api/v1/block/mine,
    Status: 500,
    Success: false,
    Message: Error saving block
2024-06-29 17:30:21,
    Method: POST,
    URL: /api/v1/block/mine,
    Status: 500,
    Success: false,
    Message: Invalid count value: -1
2024-07-07 23:02:10,
    Method: GET,
    URL: /api/transactions,
    Status: 404,
    Success: false,
    Message: Can't find /api/transactions on this server!
2024-07-07 23:02:10,
    Method: GET,
    URL: /api/transactions,
    Status: 404,
    Success: false,
    Message: Can't find /api/transactions on this server!
2024-07-07 23:02:19,
    Method: GET,
    URL: /api/transactions,
    Status: 404,
    Success: false,
    Message: Can't find /api/transactions on this server!
2024-07-07 23:02:19,
    Method: GET,
    URL: /api/transactions,
    Status: 404,
    Success: false,
    Message: Can't find /api/transactions on this server!
2024-07-07 23:04:57,
    Method: GET,
    URL: /api/v1/wallet/transactions,
    Status: 401,
    Success: false,
    Message: Unauthorized
2024-07-07 23:05:30,
    Method: GET,
    URL: /api/v1/wallet/transactions,
    Status: 401,
    Success: false,
    Message: Unauthorized
2024-07-07 23:05:30,
    Method: GET,
    URL: /api/v1/wallet/transactions,
    Status: 401,
    Success: false,
    Message: Unauthorized
2024-07-07 23:05:37,
    Method: GET,
    URL: /api/v1/wallet/transactions,
    Status: 401,
    Success: false,
    Message: Unauthorized
2024-07-07 23:39:06,
    Method: GET,
    URL: /api/v1/wallet/transactions,
    Status: 401,
    Success: false,
    Message: Unauthorized
2024-07-07 23:39:06,
    Method: GET,
    URL: /api/v1/wallet/transactions,
    Status: 401,
    Success: false,
    Message: Unauthorized
2024-07-07 23:48:15,
    Method: GET,
    URL: /api/v1/block,
    Status: 404,
    Success: false,
    Message: Can't find /api/v1/block on this server!
2024-07-07 23:48:15,
    Method: GET,
    URL: /api/v1/block,
    Status: 404,
    Success: false,
    Message: Can't find /api/v1/block on this server!
2024-07-07 23:49:23,
    Method: GET,
    URL: /api/v1/block,
    Status: 404,
    Success: false,
    Message: Can't find /api/v1/block on this server!
2024-07-07 23:49:23,
    Method: GET,
    URL: /api/v1/block,
    Status: 404,
    Success: false,
    Message: Can't find /api/v1/block on this server!
2024-07-07 23:49:28,
    Method: GET,
    URL: /api/v1/block,
    Status: 404,
    Success: false,
    Message: Can't find /api/v1/block on this server!
2024-07-07 23:50:38,
    Method: GET,
    URL: /api/v1/block,
    Status: 404,
    Success: false,
    Message: Can't find /api/v1/block on this server!
2024-07-08 11:17:31,
    Method: POST,
    URL: /api/v1/auth/register,
    Status: 400,
    Success: false,
    Message: Resursen finns redan
2024-07-08 13:24:42,
    Method: GET,
    URL: /api/v1/block,
    Status: 404,
    Success: false,
    Message: Can't find /api/v1/block on this server!
2024-07-08 13:24:42,
    Method: GET,
    URL: /api/v1/block,
    Status: 404,
    Success: false,
    Message: Can't find /api/v1/block on this server!
2024-07-08 13:26:08,
    Method: GET,
    URL: /api/v1/block,
    Status: 404,
    Success: false,
    Message: Can't find /api/v1/block on this server!
2024-07-08 13:26:08,
    Method: GET,
    URL: /api/v1/block,
    Status: 404,
    Success: false,
    Message: Can't find /api/v1/block on this server!
2024-07-08 13:26:29,
    Method: GET,
    URL: /api/v1/block,
    Status: 404,
    Success: false,
    Message: Can't find /api/v1/block on this server!
2024-07-08 13:26:30,
    Method: GET,
    URL: /api/v1/block,
    Status: 404,
    Success: false,
    Message: Can't find /api/v1/block on this server!
2024-07-08 13:34:45,
    Method: GET,
    URL: /api/v1/block,
    Status: 404,
    Success: false,
    Message: Can't find /api/v1/block on this server!
2024-07-08 13:34:45,
    Method: GET,
    URL: /api/v1/block,
    Status: 404,
    Success: false,
    Message: Can't find /api/v1/block on this server!
2024-07-08 18:20:08,
    Method: GET,
    URL: /api/v1/block,
    Status: 404,
    Success: false,
    Message: Can't find /api/v1/block on this server!
2024-07-08 18:20:08,
    Method: GET,
    URL: /api/v1/block,
    Status: 404,
    Success: false,
    Message: Can't find /api/v1/block on this server!
2024-07-08 18:20:20,
    Method: GET,
    URL: /api/v1/block,
    Status: 404,
    Success: false,
    Message: Can't find /api/v1/block on this server!
2024-07-08 18:20:20,
    Method: GET,
    URL: /api/v1/block,
    Status: 404,
    Success: false,
    Message: Can't find /api/v1/block on this server!
2024-07-08 18:20:23,
    Method: GET,
    URL: /api/v1/block,
    Status: 404,
    Success: false,
    Message: Can't find /api/v1/block on this server!
2024-07-08 18:20:23,
    Method: GET,
    URL: /api/v1/block,
    Status: 404,
    Success: false,
    Message: Can't find /api/v1/block on this server!
2024-07-08 18:20:31,
    Method: GET,
    URL: /api/v1/block,
    Status: 404,
    Success: false,
    Message: Can't find /api/v1/block on this server!
2024-07-08 18:20:31,
    Method: GET,
    URL: /api/v1/block,
    Status: 404,
    Success: false,
    Message: Can't find /api/v1/block on this server!
2024-07-08 18:20:35,
    Method: GET,
    URL: /api/v1/block,
    Status: 404,
    Success: false,
    Message: Can't find /api/v1/block on this server!
2024-07-08 18:20:35,
    Method: GET,
    URL: /api/v1/block,
    Status: 404,
    Success: false,
    Message: Can't find /api/v1/block on this server!
2024-07-08 18:21:01,
    Method: GET,
    URL: /api/v1/block,
    Status: 404,
    Success: false,
    Message: Can't find /api/v1/block on this server!
2024-07-08 18:21:01,
    Method: GET,
    URL: /api/v1/block,
    Status: 404,
    Success: false,
    Message: Can't find /api/v1/block on this server!
2024-07-08 18:24:22,
    Method: POST,
    URL: /api/v1/auth/login,
    Status: 401,
    Success: false,
    Message: Login failed
2024-07-08 18:32:08,
    Method: POST,
    URL: /api/v1/block/mine,
    Status: 500,
    Success: false,
    Message: Error saving block
2024-07-10 15:43:20,
    Method: POST,
    URL: /api/v1/auth/login,
    Status: 401,
    Success: false,
    Message: Login failed
2024-07-10 15:43:28,
    Method: POST,
    URL: /api/v1/auth/login,
    Status: 401,
    Success: false,
    Message: Login failed
2024-07-11 13:29:08,
    Method: POST,
    URL: /api/v1/auth/login,
    Status: 400,
    Success: false,
    Message: Email or password not provided
2024-07-11 13:29:11,
    Method: POST,
    URL: /api/v1/auth/login,
    Status: 400,
    Success: false,
    Message: Email or password not provided
2024-07-11 13:29:50,
    Method: POST,
    URL: /api/v1/auth/login,
    Status: 400,
    Success: false,
    Message: Email or password not provided
2024-07-11 13:29:52,
    Method: POST,
    URL: /api/v1/auth/login,
    Status: 400,
    Success: false,
    Message: Email or password not provided
2024-07-11 13:29:53,
    Method: POST,
    URL: /api/v1/auth/login,
    Status: 400,
    Success: false,
    Message: Email or password not provided
2024-07-11 13:29:53,
    Method: POST,
    URL: /api/v1/auth/login,
    Status: 400,
    Success: false,
    Message: Email or password not provided
2024-07-11 13:29:55,
    Method: POST,
    URL: /api/v1/auth/login,
    Status: 400,
    Success: false,
    Message: Email or password not provided
2024-07-11 13:30:26,
    Method: POST,
    URL: /api/v1/auth/login,
    Status: 400,
    Success: false,
    Message: Email or password not provided
2024-07-11 21:46:08,
    Method: POST,
    URL: /api/v1/auth/login,
    Status: 400,
    Success: false,
    Message: Email or password not provided
2024-07-11 23:58:30,
    Method: POST,
    URL: /api/v1/auth/register,
    Status: 400,
    Success: false,
    Message: Resursen finns redan
2024-07-12 00:02:39,
    Method: POST,
    URL: /api/v1/auth/login,
    Status: 400,
    Success: false,
    Message: Email or password not provided
2024-07-12 00:08:23,
    Method: POST,
    URL: /api/v1/auth/login,
    Status: 400,
    Success: false,
    Message: Email or password not provided
2024-07-12 00:34:47,
    Method: POST,
    URL: /api/v1/auth/login,
    Status: 400,
    Success: false,
    Message: Email or password not provided
2024-07-12 22:01:53,
    Method: POST,
    URL: /api/v1/auth/register,
    Status: 400,
    Success: false,
    Message: Information saknas: Path `password` (`maria`) is shorter than the minimum allowed length (6).
2024-07-12 22:03:06,
    Method: POST,
    URL: /api/v1/auth/login,
    Status: 400,
    Success: false,
    Message: Email or password not provided
2024-07-12 22:03:54,
    Method: POST,
    URL: /api/v1/auth/login,
    Status: 400,
    Success: false,
    Message: Email or password not provided
2024-07-12 22:14:15,
    Method: POST,
    URL: /api/v1/auth/login,
    Status: 400,
    Success: false,
    Message: Email or password not provided
2024-07-12 22:27:46,
    Method: POST,
    URL: /api/v1/auth/login,
    Status: 400,
    Success: false,
    Message: Email or password not provided
2024-07-12 22:28:26,
    Method: POST,
    URL: /api/v1/auth/login,
    Status: 400,
    Success: false,
    Message: Email or password not provided
